<?xml version="1.0" encoding="UTF-8"?>
<!-- Generated by org.testng.reporters.JUnitReportReporter -->
<testsuite hostname="DESKTOP-U57OPRT" failures="0" tests="4" name="Practice.SeleniumFrameworkDesignTests.SubmitOrderTest" time="38.389" errors="0" timestamp="2022-12-15T13:15:42 IST" skipped="1">
  <testcase classname="Practice.SeleniumFrameworkDesignTests.SubmitOrderTest" name="submitOrder" time="5.467">
    <skipped/>
  </testcase> <!-- submitOrder -->
  <system-out/>
  <testcase classname="Practice.SeleniumFrameworkDesignTests.SubmitOrderTest" name="OrderHistroyTest" time="8.173"/>
  <system-out/>
  <testcase classname="Practice.SeleniumFrameworkDesignTests.SubmitOrderTest" name="OrderHistroyTest" time="7.119"/>
  <system-out/>
  <testcase classname="Practice.SeleniumFrameworkDesignTests.SubmitOrderTest" name="submitOrder" time="17.630"/>
  <system-out/>
</testsuite> <!-- Practice.SeleniumFrameworkDesignTests.SubmitOrderTest -->
