<?xml version="1.0" encoding="UTF-8"?>
<!-- Generated by org.testng.reporters.JUnitReportReporter -->
<testsuite hostname="DESKTOP-U57OPRT" failures="0" tests="1" name="cucumber.TestNGTestRunner" time="0.379" errors="1" timestamp="2022-12-13T19:52:02 IST" skipped="0">
  <testcase classname="cucumber.TestNGTestRunner" name="runScenario" time="0.379">
    <error message="Cannot invoke &quot;Practice.SeleniumFrameworkDesign.pageObject.Landingpage.loginApplication(String, String)&quot; because &quot;this.landingpage&quot; is null" type="java.lang.NullPointerException">
      <![CDATA[java.lang.NullPointerException: Cannot invoke "Practice.SeleniumFrameworkDesign.pageObject.Landingpage.loginApplication(String, String)" because "this.landingpage" is null
at Practice.SeleniumFrameworkDesign.stepDefinitions.stepDefinitionimplemention.Logged_in_with_username_and_password(stepDefinitionimplemention.java:31)
at âœ½.Logged in with username utkarshsingh@gmail.com and password Utkarsh@12345(file:///C:/Users/vi/eclipse-workspace/SeleniumFrameworkDesign/src/test/java/cucumber/SubmitOrder.feature:11)
]]>
    </error>
  </testcase> <!-- runScenario -->
  <system-out/>
</testsuite> <!-- cucumber.TestNGTestRunner -->
