<?xml version="1.0" encoding="UTF-8"?>
<!-- Generated by org.testng.reporters.JUnitReportReporter -->
<testsuite hostname="DESKTOP-U57OPRT" failures="0" tests="6" name="Practice.SeleniumFrameworkDesignTests.SubmitOrderTest" time="83.337" errors="0" timestamp="2022-12-13T18:22:59 IST" skipped="0">
  <testcase classname="Practice.SeleniumFrameworkDesignTests.SubmitOrderTest" name="submitOrder" time="13.860"/>
  <system-out/>
  <testcase classname="Practice.SeleniumFrameworkDesignTests.SubmitOrderTest" name="OrderHistroyTest" time="8.771"/>
  <system-out/>
  <testcase classname="Practice.SeleniumFrameworkDesignTests.SubmitOrderTest" name="OrderHistroyTest" time="10.255"/>
  <system-out/>
  <testcase classname="Practice.SeleniumFrameworkDesignTests.SubmitOrderTest" name="OrderHistroyTest" time="8.694"/>
  <system-out/>
  <testcase classname="Practice.SeleniumFrameworkDesignTests.SubmitOrderTest" name="submitOrder" time="14.686"/>
  <system-out/>
  <testcase classname="Practice.SeleniumFrameworkDesignTests.SubmitOrderTest" name="submitOrder" time="27.071"/>
  <system-out/>
</testsuite> <!-- Practice.SeleniumFrameworkDesignTests.SubmitOrderTest -->
