<?xml version="1.0" encoding="UTF-8"?>
<!-- Generated by org.testng.reporters.JUnitReportReporter -->
<testsuite hostname="DESKTOP-U57OPRT" failures="0" tests="4" name="cucumber.TestNGTestRunner" time="70.960" errors="0" timestamp="2022-12-26T16:27:01 IST" skipped="0">
  <testcase classname="cucumber.TestNGTestRunner" name="runScenario" time="12.301"/>
  <system-out/>
  <testcase classname="cucumber.TestNGTestRunner" name="runScenario" time="27.940"/>
  <system-out/>
  <testcase classname="cucumber.TestNGTestRunner" name="runScenario" time="18.934"/>
  <system-out/>
  <testcase classname="cucumber.TestNGTestRunner" name="runScenario" time="11.785"/>
  <system-out/>
</testsuite> <!-- cucumber.TestNGTestRunner -->
