<?xml version="1.0" encoding="UTF-8"?>
<!-- Generated by org.testng.reporters.JUnitReportReporter -->
<testsuite hostname="DESKTOP-U57OPRT" failures="0" tests="4" name="cucumber.TestNGTestRunner" time="70.934" errors="0" timestamp="2022-12-14T15:55:45 IST" skipped="0">
  <testcase classname="cucumber.TestNGTestRunner" name="runScenario" time="31.886"/>
  <system-out/>
  <testcase classname="cucumber.TestNGTestRunner" name="runScenario" time="11.357"/>
  <system-out/>
  <testcase classname="cucumber.TestNGTestRunner" name="runScenario" time="17.466"/>
  <system-out/>
  <testcase classname="cucumber.TestNGTestRunner" name="runScenario" time="10.225"/>
  <system-out/>
</testsuite> <!-- cucumber.TestNGTestRunner -->
